        -:    0:Source:D:/CSAPP/mask_0ff_code.cpp
        -:    0:Graph:D:\CSAPP\cmake-build-debug-coverage\CMakeFiles\CSAPP.dir\mask_0ff_code.cpp.gcno
        -:    0:Data:D:\CSAPP\cmake-build-debug-coverage\CMakeFiles\CSAPP.dir\mask_0ff_code.cpp.gcda
        -:    0:Runs:1
        -:    0:Programs:1
        -:    1://
        -:    2:// Created by Guoheng on 2021/1/19.
        -:    3://
        -:    4:
        -:    5:#include "mask_0ff_code.h"
        -:    6:#include "stdlib.h"
        -:    7:#include <stdio.h>
    #####:    8:void mask_code_calculate_1(byte_pointer ptr,int size){
    #####:    9:     byte_pointer mask_code=(byte_pointer)malloc(size);
    #####:   10:     for (int i = 0; i <size ; ++i) {
    %%%%%:   10-block  0
    %%%%%:   10-block  1
    %%%%%:   10-block  2
    #####:   11:         if (i!=size-1){
    %%%%%:   11-block  0
    #####:   12:             mask_code[i]=0b00000000;
    %%%%%:   12-block  0
        -:   13:         } else{
    #####:   14:             mask_code[i]=0b11111111;
    %%%%%:   14-block  0
        -:   15:         }
        -:   16:    }//掩码部分结束
    #####:   17:    for (int i = 0; i <size ; ++i) {
    %%%%%:   17-block  0
    %%%%%:   17-block  1
    %%%%%:   17-block  2
    #####:   18:        if (i==size-1){
    %%%%%:   18-block  0
    #####:   19:            ptr[i]=ptr[i]|mask_code[i];
    %%%%%:   19-block  0
        -:   20:        } else {
    #####:   21:            ptr[i] = ptr[i]^mask_code[i];
    %%%%%:   21-block  0
        -:   22:        }
        -:   23:    }
    #####:   24:    for (int i = 0; i <size ; ++i) {
    %%%%%:   24-block  0
    %%%%%:   24-block  1
    #####:   25:        printf("%.2x",ptr[i]);
    %%%%%:   25-block  0
        -:   26:    }
    #####:   27:}
