        -:    0:Source:D:/CSAPP/show_bytes.cpp
        -:    0:Graph:D:\CSAPP\cmake-build-debug-coverage\CMakeFiles\CSAPP.dir\show_bytes.cpp.gcno
        -:    0:Data:D:\CSAPP\cmake-build-debug-coverage\CMakeFiles\CSAPP.dir\show_bytes.cpp.gcda
        -:    0:Runs:1
        -:    0:Programs:1
        -:    1://
        -:    2:// Created by Guoheng on 2021/1/18.
        -:    3://
        -:    4:#include <stdio.h>
        -:    5:#include "show_bytes.h"
        -:    6:
    #####:    7:void show_bytes(byte_pointer start,size_t len){
    #####:    8:    for (int i = 0; i <len ; ++i) {
    %%%%%:    8-block  0
    %%%%%:    8-block  1
    #####:    9:         printf("%.2x",start[i]);
    %%%%%:    9-block  0
        -:   10:    }
    #####:   11:    printf("\n");
    %%%%%:   11-block  0
    #####:   12:}
        -:   13:
    #####:   14:void show_int(int x){
    #####:   15:    show_bytes((byte_pointer)&x, sizeof(int));
    %%%%%:   15-block  0
    #####:   16:}
        -:   17:
    #####:   18:void show_float(float f){
    #####:   19:    show_bytes((byte_pointer)&f,sizeof(float));
    %%%%%:   19-block  0
    #####:   20:}
        -:   21:
    #####:   22:void show_pointer(void *pVoid){
    #####:   23:    show_bytes((byte_pointer)&pVoid, sizeof(pVoid));
    %%%%%:   23-block  0
    #####:   24:}
